<?xml version="1.0" encoding="UTF-8"?>
<!-- Generated by org.testng.reporters.JUnitXMLReporter -->
<testsuite ignored="0" hostname="Harshit" failures="0" tests="3" name="Default test" time="59.754" errors="0" timestamp="2024-06-28T00:34:12 IST">
  <testcase classname="TestNG_Annotation_Flow.TestNGDataProvider" name="testCase1" time="21.251"/>
  <testcase classname="TestNG_Annotation_Flow.TestNGDataProvider" name="testCase1" time="20.494"/>
  <testcase classname="TestNG_Annotation_Flow.TestNGDataProvider" name="testCase1" time="17.937"/>
</testsuite> <!-- Default test -->
