<?xml version="1.0" encoding="UTF-8"?>
<!-- Generated by org.testng.reporters.JUnitXMLReporter -->
<testsuite ignored="0" hostname="Harshit" failures="0" tests="7" name="Test" time="23.857" errors="0" timestamp="2024-05-13T16:31:09 IST">
  <testcase classname="com.qa.petstore.test.PetStoreTest" name="testCase_1_Landing_On_HomePage_with_Scroll" time="0.038"/>
  <testcase classname="com.qa.petstore.test.PetStoreTest" name="testcase_2_SignUp_On_Website" time="4.922"/>
  <testcase classname="com.qa.petstore.test.PetStoreTest" name="testcase_3_SignIn_On_Website" time="2.619"/>
  <testcase classname="com.qa.petstore.test.PetStoreTest" name="testcase_4_AddToCart_On_Website" time="4.2"/>
  <testcase classname="com.qa.petstore.test.PetStoreTest" name="testcase_5_Proceed_To_Checkout_On_Website" time="4.99"/>
  <testcase classname="com.qa.petstore.test.PetStoreTest" name="testcase_6_Product_Booking_Details_On_Website" time="1.564"/>
  <testcase classname="com.qa.petstore.test.PetStoreTest" name="testcase_7_SignOut_On_Website" time="2.34"/>
</testsuite> <!-- Test -->
