<?xml version="1.0" encoding="UTF-8"?>
<!-- Generated by org.testng.reporters.JUnitXMLReporter -->
<testsuite ignored="0" hostname="Harshit" failures="0" tests="7" name="Test" time="24.181" errors="0" timestamp="2024-05-13T01:40:42 IST">
  <testcase classname="com.qa.petstore.test.PetStoreTest" name="testCase_1_Landing_On_HomePage_with_Scroll" time="0.036"/>
  <testcase classname="com.qa.petstore.test.PetStoreTest" name="testcase_2_SignUp_On_Website" time="5.129"/>
  <testcase classname="com.qa.petstore.test.PetStoreTest" name="testcase_3_SignIn_On_Website" time="3.532"/>
  <testcase classname="com.qa.petstore.test.PetStoreTest" name="testcase_4_AddToCart_On_Website" time="4.198"/>
  <testcase classname="com.qa.petstore.test.PetStoreTest" name="testcase_5_Proceed_To_Checkout_On_Website" time="5.035"/>
  <testcase classname="com.qa.petstore.test.PetStoreTest" name="testcase_6_Product_Booking_Details_On_Website" time="1.899"/>
  <testcase classname="com.qa.petstore.test.PetStoreTest" name="testcase_7_SignOut_On_Website" time="2.557"/>
</testsuite> <!-- Test -->
